INFO  22-10-19 10:47:50 [http-nio-8081-exec-10] [RequestLogInterceptor-preHandle:28] - ============================== REQUEST_START ==============================
INFO  22-10-19 10:47:50 [http-nio-8081-exec-10] [RequestLogInterceptor-preHandle:29] -  Request URI 	:  /
INFO  22-10-19 10:47:50 [http-nio-8081-exec-10] [RequestLogInterceptor-preHandle:37] - ==================================================================== 
INFO  22-10-19 10:47:50 [http-nio-8081-exec-2] [RequestLogInterceptor-preHandle:28] - ============================== REQUEST_START ==============================
INFO  22-10-19 10:47:50 [http-nio-8081-exec-2] [RequestLogInterceptor-preHandle:29] -  Request URI 	:  /favicon.ico
INFO  22-10-19 10:47:50 [http-nio-8081-exec-2] [RequestLogInterceptor-preHandle:37] - ==================================================================== 
INFO  22-10-19 10:47:50 [http-nio-8081-exec-2] [RequestLogInterceptor-preHandle:28] - ============================== REQUEST_START ==============================
INFO  22-10-19 10:47:50 [http-nio-8081-exec-2] [RequestLogInterceptor-preHandle:29] -  Request URI 	:  /error
INFO  22-10-19 10:47:50 [http-nio-8081-exec-2] [RequestLogInterceptor-preHandle:37] - ==================================================================== 
INFO  22-10-19 10:56:55 [http-nio-8081-exec-6] [RequestLogInterceptor-preHandle:28] - ============================== REQUEST_START ==============================
INFO  22-10-19 10:56:55 [http-nio-8081-exec-6] [RequestLogInterceptor-preHandle:29] -  Request URI 	:  /
INFO  22-10-19 10:56:55 [http-nio-8081-exec-6] [RequestLogInterceptor-preHandle:37] - ==================================================================== 
INFO  22-10-19 10:56:55 [http-nio-8081-exec-4] [RequestLogInterceptor-preHandle:28] - ============================== REQUEST_START ==============================
INFO  22-10-19 10:56:55 [http-nio-8081-exec-4] [RequestLogInterceptor-preHandle:29] -  Request URI 	:  /favicon.ico
INFO  22-10-19 10:56:55 [http-nio-8081-exec-4] [RequestLogInterceptor-preHandle:37] - ==================================================================== 
INFO  22-10-19 10:56:55 [http-nio-8081-exec-4] [RequestLogInterceptor-preHandle:28] - ============================== REQUEST_START ==============================
INFO  22-10-19 10:56:55 [http-nio-8081-exec-4] [RequestLogInterceptor-preHandle:29] -  Request URI 	:  /error
INFO  22-10-19 10:56:55 [http-nio-8081-exec-4] [RequestLogInterceptor-preHandle:37] - ==================================================================== 
INFO  22-10-19 11:04:45 [http-nio-8081-exec-2] [RequestLogInterceptor-preHandle:28] - ============================== REQUEST_START ==============================
INFO  22-10-19 11:04:45 [http-nio-8081-exec-2] [RequestLogInterceptor-preHandle:29] -  Request URI 	:  /
INFO  22-10-19 11:04:45 [http-nio-8081-exec-2] [RequestLogInterceptor-preHandle:37] - ==================================================================== 
INFO  22-10-19 11:04:45 [http-nio-8081-exec-9] [RequestLogInterceptor-preHandle:28] - ============================== REQUEST_START ==============================
INFO  22-10-19 11:04:45 [http-nio-8081-exec-9] [RequestLogInterceptor-preHandle:29] -  Request URI 	:  /favicon.ico
INFO  22-10-19 11:04:45 [http-nio-8081-exec-9] [RequestLogInterceptor-preHandle:37] - ==================================================================== 
INFO  22-10-19 11:04:45 [http-nio-8081-exec-9] [RequestLogInterceptor-preHandle:28] - ============================== REQUEST_START ==============================
INFO  22-10-19 11:04:45 [http-nio-8081-exec-9] [RequestLogInterceptor-preHandle:29] -  Request URI 	:  /error
INFO  22-10-19 11:04:45 [http-nio-8081-exec-9] [RequestLogInterceptor-preHandle:37] - ==================================================================== 
INFO  22-10-19 11:09:54 [http-nio-8081-exec-4] [RequestLogInterceptor-preHandle:28] - ============================== REQUEST_START ==============================
INFO  22-10-19 11:09:54 [http-nio-8081-exec-4] [RequestLogInterceptor-preHandle:29] -  Request URI 	:  /
INFO  22-10-19 11:09:54 [http-nio-8081-exec-4] [RequestLogInterceptor-preHandle:37] - ==================================================================== 
INFO  22-10-19 11:09:54 [http-nio-8081-exec-5] [RequestLogInterceptor-preHandle:28] - ============================== REQUEST_START ==============================
INFO  22-10-19 11:09:54 [http-nio-8081-exec-5] [RequestLogInterceptor-preHandle:29] -  Request URI 	:  /favicon.ico
INFO  22-10-19 11:09:54 [http-nio-8081-exec-5] [RequestLogInterceptor-preHandle:37] - ==================================================================== 
INFO  22-10-19 11:09:54 [http-nio-8081-exec-5] [RequestLogInterceptor-preHandle:28] - ============================== REQUEST_START ==============================
INFO  22-10-19 11:09:54 [http-nio-8081-exec-5] [RequestLogInterceptor-preHandle:29] -  Request URI 	:  /error
INFO  22-10-19 11:09:54 [http-nio-8081-exec-5] [RequestLogInterceptor-preHandle:37] - ==================================================================== 
INFO  22-10-19 11:25:08 [http-nio-8081-exec-9] [RequestLogInterceptor-preHandle:28] - ============================== REQUEST_START ==============================
INFO  22-10-19 11:25:08 [http-nio-8081-exec-9] [RequestLogInterceptor-preHandle:29] -  Request URI 	:  /
INFO  22-10-19 11:25:08 [http-nio-8081-exec-9] [RequestLogInterceptor-preHandle:37] - ==================================================================== 
INFO  22-10-19 11:25:08 [http-nio-8081-exec-1] [RequestLogInterceptor-preHandle:28] - ============================== REQUEST_START ==============================
INFO  22-10-19 11:25:08 [http-nio-8081-exec-1] [RequestLogInterceptor-preHandle:29] -  Request URI 	:  /favicon.ico
INFO  22-10-19 11:25:08 [http-nio-8081-exec-1] [RequestLogInterceptor-preHandle:37] - ==================================================================== 
INFO  22-10-19 11:25:08 [http-nio-8081-exec-1] [RequestLogInterceptor-preHandle:28] - ============================== REQUEST_START ==============================
INFO  22-10-19 11:25:08 [http-nio-8081-exec-1] [RequestLogInterceptor-preHandle:29] -  Request URI 	:  /error
INFO  22-10-19 11:25:08 [http-nio-8081-exec-1] [RequestLogInterceptor-preHandle:37] - ==================================================================== 
INFO  22-10-19 11:29:08 [http-nio-8081-exec-5] [RequestLogInterceptor-preHandle:28] - ============================== REQUEST_START ==============================
INFO  22-10-19 11:29:08 [http-nio-8081-exec-5] [RequestLogInterceptor-preHandle:29] -  Request URI 	:  /
INFO  22-10-19 11:29:08 [http-nio-8081-exec-5] [RequestLogInterceptor-preHandle:37] - ==================================================================== 
INFO  22-10-19 11:29:08 [http-nio-8081-exec-10] [RequestLogInterceptor-preHandle:28] - ============================== REQUEST_START ==============================
INFO  22-10-19 11:29:08 [http-nio-8081-exec-10] [RequestLogInterceptor-preHandle:29] -  Request URI 	:  /favicon.ico
INFO  22-10-19 11:29:08 [http-nio-8081-exec-10] [RequestLogInterceptor-preHandle:37] - ==================================================================== 
INFO  22-10-19 11:29:08 [http-nio-8081-exec-10] [RequestLogInterceptor-preHandle:28] - ============================== REQUEST_START ==============================
INFO  22-10-19 11:29:08 [http-nio-8081-exec-10] [RequestLogInterceptor-preHandle:29] -  Request URI 	:  /error
INFO  22-10-19 11:29:08 [http-nio-8081-exec-10] [RequestLogInterceptor-preHandle:37] - ==================================================================== 
INFO  22-10-19 11:30:49 [http-nio-8081-exec-1] [RequestLogInterceptor-preHandle:28] - ============================== REQUEST_START ==============================
INFO  22-10-19 11:30:49 [http-nio-8081-exec-1] [RequestLogInterceptor-preHandle:29] -  Request URI 	:  /
INFO  22-10-19 11:30:49 [http-nio-8081-exec-1] [RequestLogInterceptor-preHandle:37] - ==================================================================== 
INFO  22-10-19 11:30:49 [http-nio-8081-exec-7] [RequestLogInterceptor-preHandle:28] - ============================== REQUEST_START ==============================
INFO  22-10-19 11:30:49 [http-nio-8081-exec-7] [RequestLogInterceptor-preHandle:29] -  Request URI 	:  /favicon.ico
INFO  22-10-19 11:30:49 [http-nio-8081-exec-7] [RequestLogInterceptor-preHandle:37] - ==================================================================== 
INFO  22-10-19 11:30:49 [http-nio-8081-exec-7] [RequestLogInterceptor-preHandle:28] - ============================== REQUEST_START ==============================
INFO  22-10-19 11:30:49 [http-nio-8081-exec-7] [RequestLogInterceptor-preHandle:29] -  Request URI 	:  /error
INFO  22-10-19 11:30:49 [http-nio-8081-exec-7] [RequestLogInterceptor-preHandle:37] - ==================================================================== 
INFO  22-10-19 11:35:53 [http-nio-8081-exec-10] [RequestLogInterceptor-preHandle:28] - ============================== REQUEST_START ==============================
INFO  22-10-19 11:35:53 [http-nio-8081-exec-10] [RequestLogInterceptor-preHandle:29] -  Request URI 	:  /
INFO  22-10-19 11:35:53 [http-nio-8081-exec-10] [RequestLogInterceptor-preHandle:37] - ==================================================================== 
INFO  22-10-19 11:35:53 [http-nio-8081-exec-3] [RequestLogInterceptor-preHandle:28] - ============================== REQUEST_START ==============================
INFO  22-10-19 11:35:53 [http-nio-8081-exec-3] [RequestLogInterceptor-preHandle:29] -  Request URI 	:  /favicon.ico
INFO  22-10-19 11:35:53 [http-nio-8081-exec-3] [RequestLogInterceptor-preHandle:37] - ==================================================================== 
INFO  22-10-19 11:35:53 [http-nio-8081-exec-3] [RequestLogInterceptor-preHandle:28] - ============================== REQUEST_START ==============================
INFO  22-10-19 11:35:53 [http-nio-8081-exec-3] [RequestLogInterceptor-preHandle:29] -  Request URI 	:  /error
INFO  22-10-19 11:35:53 [http-nio-8081-exec-3] [RequestLogInterceptor-preHandle:37] - ==================================================================== 
INFO  22-10-19 11:37:17 [http-nio-8081-exec-7] [RequestLogInterceptor-preHandle:28] - ============================== REQUEST_START ==============================
INFO  22-10-19 11:37:17 [http-nio-8081-exec-7] [RequestLogInterceptor-preHandle:29] -  Request URI 	:  /
INFO  22-10-19 11:37:17 [http-nio-8081-exec-7] [RequestLogInterceptor-preHandle:37] - ==================================================================== 
INFO  22-10-19 11:37:17 [http-nio-8081-exec-8] [RequestLogInterceptor-preHandle:28] - ============================== REQUEST_START ==============================
INFO  22-10-19 11:37:17 [http-nio-8081-exec-8] [RequestLogInterceptor-preHandle:29] -  Request URI 	:  /favicon.ico
INFO  22-10-19 11:37:17 [http-nio-8081-exec-8] [RequestLogInterceptor-preHandle:37] - ==================================================================== 
INFO  22-10-19 11:37:17 [http-nio-8081-exec-8] [RequestLogInterceptor-preHandle:28] - ============================== REQUEST_START ==============================
INFO  22-10-19 11:37:17 [http-nio-8081-exec-8] [RequestLogInterceptor-preHandle:29] -  Request URI 	:  /error
INFO  22-10-19 11:37:17 [http-nio-8081-exec-8] [RequestLogInterceptor-preHandle:37] - ==================================================================== 
INFO  22-10-19 11:38:07 [http-nio-8081-exec-4] [RequestLogInterceptor-preHandle:28] - ============================== REQUEST_START ==============================
INFO  22-10-19 11:38:07 [http-nio-8081-exec-4] [RequestLogInterceptor-preHandle:29] -  Request URI 	:  /
INFO  22-10-19 11:38:07 [http-nio-8081-exec-4] [RequestLogInterceptor-preHandle:37] - ==================================================================== 
INFO  22-10-19 11:41:19 [http-nio-8081-exec-9] [RequestLogInterceptor-preHandle:28] - ============================== REQUEST_START ==============================
INFO  22-10-19 11:41:19 [http-nio-8081-exec-9] [RequestLogInterceptor-preHandle:29] -  Request URI 	:  /
INFO  22-10-19 11:41:19 [http-nio-8081-exec-9] [RequestLogInterceptor-preHandle:37] - ==================================================================== 
INFO  22-10-19 11:41:19 [http-nio-8081-exec-4] [RequestLogInterceptor-preHandle:28] - ============================== REQUEST_START ==============================
INFO  22-10-19 11:41:19 [http-nio-8081-exec-4] [RequestLogInterceptor-preHandle:29] -  Request URI 	:  /favicon.ico
INFO  22-10-19 11:41:19 [http-nio-8081-exec-4] [RequestLogInterceptor-preHandle:37] - ==================================================================== 
INFO  22-10-19 11:41:19 [http-nio-8081-exec-4] [RequestLogInterceptor-preHandle:28] - ============================== REQUEST_START ==============================
INFO  22-10-19 11:41:19 [http-nio-8081-exec-4] [RequestLogInterceptor-preHandle:29] -  Request URI 	:  /error
INFO  22-10-19 11:41:19 [http-nio-8081-exec-4] [RequestLogInterceptor-preHandle:37] - ==================================================================== 
INFO  22-10-19 11:41:29 [http-nio-8081-exec-1] [RequestLogInterceptor-preHandle:28] - ============================== REQUEST_START ==============================
INFO  22-10-19 11:41:29 [http-nio-8081-exec-1] [RequestLogInterceptor-preHandle:29] -  Request URI 	:  /
INFO  22-10-19 11:41:29 [http-nio-8081-exec-1] [RequestLogInterceptor-preHandle:37] - ==================================================================== 
INFO  22-10-19 11:41:29 [http-nio-8081-exec-2] [RequestLogInterceptor-preHandle:28] - ============================== REQUEST_START ==============================
INFO  22-10-19 11:41:29 [http-nio-8081-exec-2] [RequestLogInterceptor-preHandle:29] -  Request URI 	:  /favicon.ico
INFO  22-10-19 11:41:29 [http-nio-8081-exec-2] [RequestLogInterceptor-preHandle:37] - ==================================================================== 
INFO  22-10-19 11:41:29 [http-nio-8081-exec-2] [RequestLogInterceptor-preHandle:28] - ============================== REQUEST_START ==============================
INFO  22-10-19 11:41:29 [http-nio-8081-exec-2] [RequestLogInterceptor-preHandle:29] -  Request URI 	:  /error
INFO  22-10-19 11:41:29 [http-nio-8081-exec-2] [RequestLogInterceptor-preHandle:37] - ==================================================================== 
INFO  22-10-19 11:41:45 [http-nio-8081-exec-9] [RequestLogInterceptor-preHandle:28] - ============================== REQUEST_START ==============================
INFO  22-10-19 11:41:45 [http-nio-8081-exec-9] [RequestLogInterceptor-preHandle:29] -  Request URI 	:  /
INFO  22-10-19 11:41:45 [http-nio-8081-exec-9] [RequestLogInterceptor-preHandle:37] - ==================================================================== 
INFO  22-10-19 11:41:45 [http-nio-8081-exec-4] [RequestLogInterceptor-preHandle:28] - ============================== REQUEST_START ==============================
INFO  22-10-19 11:41:45 [http-nio-8081-exec-4] [RequestLogInterceptor-preHandle:29] -  Request URI 	:  /favicon.ico
INFO  22-10-19 11:41:45 [http-nio-8081-exec-4] [RequestLogInterceptor-preHandle:37] - ==================================================================== 
INFO  22-10-19 11:41:45 [http-nio-8081-exec-4] [RequestLogInterceptor-preHandle:28] - ============================== REQUEST_START ==============================
INFO  22-10-19 11:41:45 [http-nio-8081-exec-4] [RequestLogInterceptor-preHandle:29] -  Request URI 	:  /error
INFO  22-10-19 11:41:45 [http-nio-8081-exec-4] [RequestLogInterceptor-preHandle:37] - ==================================================================== 
INFO  22-10-19 11:53:46 [http-nio-8081-exec-3] [RequestLogInterceptor-preHandle:28] - ============================== REQUEST_START ==============================
INFO  22-10-19 11:53:46 [http-nio-8081-exec-3] [RequestLogInterceptor-preHandle:29] -  Request URI 	:  /
INFO  22-10-19 11:53:46 [http-nio-8081-exec-3] [RequestLogInterceptor-preHandle:37] - ==================================================================== 
INFO  22-10-19 11:53:46 [http-nio-8081-exec-6] [RequestLogInterceptor-preHandle:28] - ============================== REQUEST_START ==============================
INFO  22-10-19 11:53:46 [http-nio-8081-exec-6] [RequestLogInterceptor-preHandle:29] -  Request URI 	:  /favicon.ico
INFO  22-10-19 11:53:46 [http-nio-8081-exec-6] [RequestLogInterceptor-preHandle:37] - ==================================================================== 
INFO  22-10-19 11:53:46 [http-nio-8081-exec-6] [RequestLogInterceptor-preHandle:28] - ============================== REQUEST_START ==============================
INFO  22-10-19 11:53:46 [http-nio-8081-exec-6] [RequestLogInterceptor-preHandle:29] -  Request URI 	:  /error
INFO  22-10-19 11:53:46 [http-nio-8081-exec-6] [RequestLogInterceptor-preHandle:37] - ==================================================================== 
INFO  22-10-19 12:02:20 [http-nio-8081-exec-4] [RequestLogInterceptor-preHandle:28] - ============================== REQUEST_START ==============================
INFO  22-10-19 12:02:20 [http-nio-8081-exec-4] [RequestLogInterceptor-preHandle:29] -  Request URI 	:  /
INFO  22-10-19 12:02:20 [http-nio-8081-exec-4] [RequestLogInterceptor-preHandle:37] - ==================================================================== 
INFO  22-10-19 12:02:20 [http-nio-8081-exec-7] [RequestLogInterceptor-preHandle:28] - ============================== REQUEST_START ==============================
INFO  22-10-19 12:02:20 [http-nio-8081-exec-7] [RequestLogInterceptor-preHandle:29] -  Request URI 	:  /favicon.ico
INFO  22-10-19 12:02:20 [http-nio-8081-exec-7] [RequestLogInterceptor-preHandle:37] - ==================================================================== 
INFO  22-10-19 12:02:20 [http-nio-8081-exec-7] [RequestLogInterceptor-preHandle:28] - ============================== REQUEST_START ==============================
INFO  22-10-19 12:02:20 [http-nio-8081-exec-7] [RequestLogInterceptor-preHandle:29] -  Request URI 	:  /error
INFO  22-10-19 12:02:20 [http-nio-8081-exec-7] [RequestLogInterceptor-preHandle:37] - ==================================================================== 
INFO  22-10-19 12:04:08 [http-nio-8081-exec-6] [RequestLogInterceptor-preHandle:28] - ============================== REQUEST_START ==============================
INFO  22-10-19 12:04:08 [http-nio-8081-exec-6] [RequestLogInterceptor-preHandle:29] -  Request URI 	:  /
INFO  22-10-19 12:04:08 [http-nio-8081-exec-6] [RequestLogInterceptor-preHandle:37] - ==================================================================== 
INFO  22-10-19 12:04:08 [http-nio-8081-exec-5] [RequestLogInterceptor-preHandle:28] - ============================== REQUEST_START ==============================
INFO  22-10-19 12:04:08 [http-nio-8081-exec-5] [RequestLogInterceptor-preHandle:29] -  Request URI 	:  /favicon.ico
INFO  22-10-19 12:04:08 [http-nio-8081-exec-5] [RequestLogInterceptor-preHandle:37] - ==================================================================== 
INFO  22-10-19 12:04:08 [http-nio-8081-exec-5] [RequestLogInterceptor-preHandle:28] - ============================== REQUEST_START ==============================
INFO  22-10-19 12:04:08 [http-nio-8081-exec-5] [RequestLogInterceptor-preHandle:29] -  Request URI 	:  /error
INFO  22-10-19 12:04:08 [http-nio-8081-exec-5] [RequestLogInterceptor-preHandle:37] - ==================================================================== 
INFO  22-10-19 14:00:50 [http-nio-8081-exec-7] [RequestLogInterceptor-preHandle:28] - ============================== REQUEST_START ==============================
INFO  22-10-19 14:00:50 [http-nio-8081-exec-7] [RequestLogInterceptor-preHandle:29] -  Request URI 	:  /
INFO  22-10-19 14:00:50 [http-nio-8081-exec-7] [RequestLogInterceptor-preHandle:37] - ==================================================================== 
INFO  22-10-19 14:00:50 [http-nio-8081-exec-8] [RequestLogInterceptor-preHandle:28] - ============================== REQUEST_START ==============================
INFO  22-10-19 14:00:50 [http-nio-8081-exec-8] [RequestLogInterceptor-preHandle:29] -  Request URI 	:  /favicon.ico
INFO  22-10-19 14:00:50 [http-nio-8081-exec-8] [RequestLogInterceptor-preHandle:37] - ==================================================================== 
INFO  22-10-19 14:00:50 [http-nio-8081-exec-8] [RequestLogInterceptor-preHandle:28] - ============================== REQUEST_START ==============================
INFO  22-10-19 14:00:50 [http-nio-8081-exec-8] [RequestLogInterceptor-preHandle:29] -  Request URI 	:  /error
INFO  22-10-19 14:00:50 [http-nio-8081-exec-8] [RequestLogInterceptor-preHandle:37] - ==================================================================== 
INFO  22-10-19 14:05:37 [http-nio-8081-exec-5] [RequestLogInterceptor-preHandle:28] - ============================== REQUEST_START ==============================
INFO  22-10-19 14:05:37 [http-nio-8081-exec-5] [RequestLogInterceptor-preHandle:29] -  Request URI 	:  /
INFO  22-10-19 14:05:37 [http-nio-8081-exec-5] [RequestLogInterceptor-preHandle:37] - ==================================================================== 
INFO  22-10-19 14:05:37 [http-nio-8081-exec-2] [RequestLogInterceptor-preHandle:28] - ============================== REQUEST_START ==============================
INFO  22-10-19 14:05:37 [http-nio-8081-exec-2] [RequestLogInterceptor-preHandle:29] -  Request URI 	:  /favicon.ico
INFO  22-10-19 14:05:37 [http-nio-8081-exec-2] [RequestLogInterceptor-preHandle:37] - ==================================================================== 
INFO  22-10-19 14:05:37 [http-nio-8081-exec-2] [RequestLogInterceptor-preHandle:28] - ============================== REQUEST_START ==============================
INFO  22-10-19 14:05:37 [http-nio-8081-exec-2] [RequestLogInterceptor-preHandle:29] -  Request URI 	:  /error
INFO  22-10-19 14:05:37 [http-nio-8081-exec-2] [RequestLogInterceptor-preHandle:37] - ==================================================================== 
INFO  22-10-19 14:18:28 [http-nio-8081-exec-8] [RequestLogInterceptor-preHandle:28] - ============================== REQUEST_START ==============================
INFO  22-10-19 14:18:28 [http-nio-8081-exec-8] [RequestLogInterceptor-preHandle:29] -  Request URI 	:  /
INFO  22-10-19 14:18:28 [http-nio-8081-exec-8] [RequestLogInterceptor-preHandle:37] - ==================================================================== 
INFO  22-10-19 14:18:28 [http-nio-8081-exec-3] [RequestLogInterceptor-preHandle:28] - ============================== REQUEST_START ==============================
INFO  22-10-19 14:18:28 [http-nio-8081-exec-3] [RequestLogInterceptor-preHandle:29] -  Request URI 	:  /favicon.ico
INFO  22-10-19 14:18:28 [http-nio-8081-exec-3] [RequestLogInterceptor-preHandle:37] - ==================================================================== 
INFO  22-10-19 14:18:28 [http-nio-8081-exec-3] [RequestLogInterceptor-preHandle:28] - ============================== REQUEST_START ==============================
INFO  22-10-19 14:18:28 [http-nio-8081-exec-3] [RequestLogInterceptor-preHandle:29] -  Request URI 	:  /error
INFO  22-10-19 14:18:28 [http-nio-8081-exec-3] [RequestLogInterceptor-preHandle:37] - ==================================================================== 
INFO  22-10-19 14:40:13 [http-nio-8081-exec-2] [RequestLogInterceptor-preHandle:28] - ============================== REQUEST_START ==============================
INFO  22-10-19 14:40:13 [http-nio-8081-exec-2] [RequestLogInterceptor-preHandle:29] -  Request URI 	:  /
INFO  22-10-19 14:40:13 [http-nio-8081-exec-2] [RequestLogInterceptor-preHandle:37] - ==================================================================== 
INFO  22-10-19 14:40:16 [http-nio-8081-exec-9] [RequestLogInterceptor-preHandle:28] - ============================== REQUEST_START ==============================
INFO  22-10-19 14:40:16 [http-nio-8081-exec-9] [RequestLogInterceptor-preHandle:29] -  Request URI 	:  /
INFO  22-10-19 14:40:16 [http-nio-8081-exec-9] [RequestLogInterceptor-preHandle:37] - ==================================================================== 
INFO  22-10-19 14:40:16 [http-nio-8081-exec-4] [RequestLogInterceptor-preHandle:28] - ============================== REQUEST_START ==============================
INFO  22-10-19 14:40:16 [http-nio-8081-exec-4] [RequestLogInterceptor-preHandle:29] -  Request URI 	:  /favicon.ico
INFO  22-10-19 14:40:16 [http-nio-8081-exec-4] [RequestLogInterceptor-preHandle:37] - ==================================================================== 
INFO  22-10-19 14:40:16 [http-nio-8081-exec-4] [RequestLogInterceptor-preHandle:28] - ============================== REQUEST_START ==============================
INFO  22-10-19 14:40:16 [http-nio-8081-exec-4] [RequestLogInterceptor-preHandle:29] -  Request URI 	:  /error
INFO  22-10-19 14:40:16 [http-nio-8081-exec-4] [RequestLogInterceptor-preHandle:37] - ==================================================================== 
INFO  22-10-19 14:40:19 [http-nio-8081-exec-3] [RequestLogInterceptor-preHandle:28] - ============================== REQUEST_START ==============================
INFO  22-10-19 14:40:19 [http-nio-8081-exec-3] [RequestLogInterceptor-preHandle:29] -  Request URI 	:  /
INFO  22-10-19 14:40:19 [http-nio-8081-exec-3] [RequestLogInterceptor-preHandle:37] - ==================================================================== 
INFO  22-10-19 14:40:20 [http-nio-8081-exec-1] [RequestLogInterceptor-preHandle:28] - ============================== REQUEST_START ==============================
INFO  22-10-19 14:40:20 [http-nio-8081-exec-1] [RequestLogInterceptor-preHandle:29] -  Request URI 	:  /
INFO  22-10-19 14:40:20 [http-nio-8081-exec-1] [RequestLogInterceptor-preHandle:37] - ==================================================================== 
INFO  22-10-19 14:40:23 [http-nio-8081-exec-6] [RequestLogInterceptor-preHandle:28] - ============================== REQUEST_START ==============================
INFO  22-10-19 14:40:23 [http-nio-8081-exec-6] [RequestLogInterceptor-preHandle:29] -  Request URI 	:  /
INFO  22-10-19 14:40:23 [http-nio-8081-exec-6] [RequestLogInterceptor-preHandle:37] - ==================================================================== 
INFO  22-10-19 14:40:23 [http-nio-8081-exec-7] [RequestLogInterceptor-preHandle:28] - ============================== REQUEST_START ==============================
INFO  22-10-19 14:40:23 [http-nio-8081-exec-7] [RequestLogInterceptor-preHandle:29] -  Request URI 	:  /favicon.ico
INFO  22-10-19 14:40:23 [http-nio-8081-exec-7] [RequestLogInterceptor-preHandle:37] - ==================================================================== 
INFO  22-10-19 14:40:23 [http-nio-8081-exec-7] [RequestLogInterceptor-preHandle:28] - ============================== REQUEST_START ==============================
INFO  22-10-19 14:40:23 [http-nio-8081-exec-7] [RequestLogInterceptor-preHandle:29] -  Request URI 	:  /error
INFO  22-10-19 14:40:23 [http-nio-8081-exec-7] [RequestLogInterceptor-preHandle:37] - ==================================================================== 
INFO  22-10-19 14:40:50 [http-nio-8081-exec-1] [RequestLogInterceptor-preHandle:28] - ============================== REQUEST_START ==============================
INFO  22-10-19 14:40:50 [http-nio-8081-exec-1] [RequestLogInterceptor-preHandle:29] -  Request URI 	:  /
INFO  22-10-19 14:40:50 [http-nio-8081-exec-1] [RequestLogInterceptor-preHandle:37] - ==================================================================== 
INFO  22-10-19 14:40:50 [http-nio-8081-exec-10] [RequestLogInterceptor-preHandle:28] - ============================== REQUEST_START ==============================
INFO  22-10-19 14:40:50 [http-nio-8081-exec-10] [RequestLogInterceptor-preHandle:29] -  Request URI 	:  /favicon.ico
INFO  22-10-19 14:40:50 [http-nio-8081-exec-10] [RequestLogInterceptor-preHandle:37] - ==================================================================== 
INFO  22-10-19 14:40:50 [http-nio-8081-exec-10] [RequestLogInterceptor-preHandle:28] - ============================== REQUEST_START ==============================
INFO  22-10-19 14:40:50 [http-nio-8081-exec-10] [RequestLogInterceptor-preHandle:29] -  Request URI 	:  /error
INFO  22-10-19 14:40:50 [http-nio-8081-exec-10] [RequestLogInterceptor-preHandle:37] - ==================================================================== 
INFO  22-10-19 14:40:50 [http-nio-8081-exec-5] [RequestLogInterceptor-preHandle:28] - ============================== REQUEST_START ==============================
INFO  22-10-19 14:40:50 [http-nio-8081-exec-5] [RequestLogInterceptor-preHandle:29] -  Request URI 	:  /
INFO  22-10-19 14:40:50 [http-nio-8081-exec-5] [RequestLogInterceptor-preHandle:37] - ==================================================================== 
INFO  22-10-19 14:40:50 [http-nio-8081-exec-2] [RequestLogInterceptor-preHandle:28] - ============================== REQUEST_START ==============================
INFO  22-10-19 14:40:50 [http-nio-8081-exec-2] [RequestLogInterceptor-preHandle:29] -  Request URI 	:  /favicon.ico
INFO  22-10-19 14:40:50 [http-nio-8081-exec-2] [RequestLogInterceptor-preHandle:37] - ==================================================================== 
INFO  22-10-19 14:40:50 [http-nio-8081-exec-2] [RequestLogInterceptor-preHandle:28] - ============================== REQUEST_START ==============================
INFO  22-10-19 14:40:50 [http-nio-8081-exec-2] [RequestLogInterceptor-preHandle:29] -  Request URI 	:  /error
INFO  22-10-19 14:40:50 [http-nio-8081-exec-2] [RequestLogInterceptor-preHandle:37] - ==================================================================== 
INFO  22-10-19 14:40:51 [http-nio-8081-exec-6] [RequestLogInterceptor-preHandle:28] - ============================== REQUEST_START ==============================
INFO  22-10-19 14:40:51 [http-nio-8081-exec-6] [RequestLogInterceptor-preHandle:29] -  Request URI 	:  /
INFO  22-10-19 14:40:51 [http-nio-8081-exec-6] [RequestLogInterceptor-preHandle:37] - ==================================================================== 
INFO  22-10-19 14:40:51 [http-nio-8081-exec-4] [RequestLogInterceptor-preHandle:28] - ============================== REQUEST_START ==============================
INFO  22-10-19 14:40:51 [http-nio-8081-exec-4] [RequestLogInterceptor-preHandle:29] -  Request URI 	:  /favicon.ico
INFO  22-10-19 14:40:51 [http-nio-8081-exec-4] [RequestLogInterceptor-preHandle:37] - ==================================================================== 
INFO  22-10-19 14:40:51 [http-nio-8081-exec-4] [RequestLogInterceptor-preHandle:28] - ============================== REQUEST_START ==============================
INFO  22-10-19 14:40:51 [http-nio-8081-exec-4] [RequestLogInterceptor-preHandle:29] -  Request URI 	:  /error
INFO  22-10-19 14:40:51 [http-nio-8081-exec-4] [RequestLogInterceptor-preHandle:37] - ==================================================================== 
INFO  22-10-19 14:41:12 [http-nio-8081-exec-3] [RequestLogInterceptor-preHandle:28] - ============================== REQUEST_START ==============================
INFO  22-10-19 14:41:12 [http-nio-8081-exec-3] [RequestLogInterceptor-preHandle:29] -  Request URI 	:  /
INFO  22-10-19 14:41:12 [http-nio-8081-exec-3] [RequestLogInterceptor-preHandle:37] - ==================================================================== 
INFO  22-10-19 14:43:58 [http-nio-8081-exec-8] [RequestLogInterceptor-preHandle:28] - ============================== REQUEST_START ==============================
INFO  22-10-19 14:43:58 [http-nio-8081-exec-8] [RequestLogInterceptor-preHandle:29] -  Request URI 	:  /
INFO  22-10-19 14:43:58 [http-nio-8081-exec-8] [RequestLogInterceptor-preHandle:37] - ==================================================================== 
INFO  22-10-19 14:43:58 [http-nio-8081-exec-2] [RequestLogInterceptor-preHandle:28] - ============================== REQUEST_START ==============================
INFO  22-10-19 14:43:58 [http-nio-8081-exec-2] [RequestLogInterceptor-preHandle:29] -  Request URI 	:  /favicon.ico
INFO  22-10-19 14:43:58 [http-nio-8081-exec-2] [RequestLogInterceptor-preHandle:37] - ==================================================================== 
INFO  22-10-19 14:43:58 [http-nio-8081-exec-2] [RequestLogInterceptor-preHandle:28] - ============================== REQUEST_START ==============================
INFO  22-10-19 14:43:58 [http-nio-8081-exec-2] [RequestLogInterceptor-preHandle:29] -  Request URI 	:  /error
INFO  22-10-19 14:43:58 [http-nio-8081-exec-2] [RequestLogInterceptor-preHandle:37] - ==================================================================== 
INFO  22-10-19 14:44:13 [http-nio-8081-exec-6] [RequestLogInterceptor-preHandle:28] - ============================== REQUEST_START ==============================
INFO  22-10-19 14:44:13 [http-nio-8081-exec-6] [RequestLogInterceptor-preHandle:29] -  Request URI 	:  /
INFO  22-10-19 14:44:13 [http-nio-8081-exec-6] [RequestLogInterceptor-preHandle:37] - ==================================================================== 
INFO  22-10-19 14:44:13 [http-nio-8081-exec-4] [RequestLogInterceptor-preHandle:28] - ============================== REQUEST_START ==============================
INFO  22-10-19 14:44:13 [http-nio-8081-exec-4] [RequestLogInterceptor-preHandle:29] -  Request URI 	:  /favicon.ico
INFO  22-10-19 14:44:13 [http-nio-8081-exec-4] [RequestLogInterceptor-preHandle:37] - ==================================================================== 
INFO  22-10-19 14:44:13 [http-nio-8081-exec-4] [RequestLogInterceptor-preHandle:28] - ============================== REQUEST_START ==============================
INFO  22-10-19 14:44:13 [http-nio-8081-exec-4] [RequestLogInterceptor-preHandle:29] -  Request URI 	:  /error
INFO  22-10-19 14:44:13 [http-nio-8081-exec-4] [RequestLogInterceptor-preHandle:37] - ==================================================================== 
INFO  22-10-19 14:44:17 [http-nio-8081-exec-3] [RequestLogInterceptor-preHandle:28] - ============================== REQUEST_START ==============================
INFO  22-10-19 14:44:17 [http-nio-8081-exec-3] [RequestLogInterceptor-preHandle:29] -  Request URI 	:  /
INFO  22-10-19 14:44:17 [http-nio-8081-exec-3] [RequestLogInterceptor-preHandle:37] - ==================================================================== 
INFO  22-10-19 14:44:17 [http-nio-8081-exec-5] [RequestLogInterceptor-preHandle:28] - ============================== REQUEST_START ==============================
INFO  22-10-19 14:44:17 [http-nio-8081-exec-5] [RequestLogInterceptor-preHandle:29] -  Request URI 	:  /favicon.ico
INFO  22-10-19 14:44:17 [http-nio-8081-exec-5] [RequestLogInterceptor-preHandle:37] - ==================================================================== 
INFO  22-10-19 14:44:17 [http-nio-8081-exec-5] [RequestLogInterceptor-preHandle:28] - ============================== REQUEST_START ==============================
INFO  22-10-19 14:44:17 [http-nio-8081-exec-5] [RequestLogInterceptor-preHandle:29] -  Request URI 	:  /error
INFO  22-10-19 14:44:17 [http-nio-8081-exec-5] [RequestLogInterceptor-preHandle:37] - ==================================================================== 
INFO  22-10-19 14:44:29 [http-nio-8081-exec-10] [RequestLogInterceptor-preHandle:28] - ============================== REQUEST_START ==============================
INFO  22-10-19 14:44:29 [http-nio-8081-exec-10] [RequestLogInterceptor-preHandle:29] -  Request URI 	:  /
INFO  22-10-19 14:44:29 [http-nio-8081-exec-10] [RequestLogInterceptor-preHandle:37] - ==================================================================== 
INFO  22-10-19 14:45:02 [http-nio-8081-exec-7] [RequestLogInterceptor-preHandle:28] - ============================== REQUEST_START ==============================
INFO  22-10-19 14:45:02 [http-nio-8081-exec-7] [RequestLogInterceptor-preHandle:29] -  Request URI 	:  /
INFO  22-10-19 14:45:02 [http-nio-8081-exec-7] [RequestLogInterceptor-preHandle:37] - ==================================================================== 
INFO  22-10-19 14:46:26 [http-nio-8081-exec-9] [RequestLogInterceptor-preHandle:28] - ============================== REQUEST_START ==============================
INFO  22-10-19 14:46:26 [http-nio-8081-exec-9] [RequestLogInterceptor-preHandle:29] -  Request URI 	:  /
INFO  22-10-19 14:46:26 [http-nio-8081-exec-9] [RequestLogInterceptor-preHandle:37] - ==================================================================== 
INFO  22-10-19 14:46:28 [http-nio-8081-exec-2] [RequestLogInterceptor-preHandle:28] - ============================== REQUEST_START ==============================
INFO  22-10-19 14:46:28 [http-nio-8081-exec-2] [RequestLogInterceptor-preHandle:29] -  Request URI 	:  /favicon.ico
INFO  22-10-19 14:46:28 [http-nio-8081-exec-2] [RequestLogInterceptor-preHandle:37] - ==================================================================== 
INFO  22-10-19 14:46:28 [http-nio-8081-exec-2] [RequestLogInterceptor-preHandle:28] - ============================== REQUEST_START ==============================
INFO  22-10-19 14:46:28 [http-nio-8081-exec-2] [RequestLogInterceptor-preHandle:29] -  Request URI 	:  /error
INFO  22-10-19 14:46:28 [http-nio-8081-exec-2] [RequestLogInterceptor-preHandle:37] - ==================================================================== 
INFO  22-10-19 14:48:27 [http-nio-8081-exec-4] [RequestLogInterceptor-preHandle:28] - ============================== REQUEST_START ==============================
INFO  22-10-19 14:48:27 [http-nio-8081-exec-4] [RequestLogInterceptor-preHandle:29] -  Request URI 	:  /
INFO  22-10-19 14:48:27 [http-nio-8081-exec-4] [RequestLogInterceptor-preHandle:37] - ==================================================================== 
INFO  22-10-19 14:49:48 [http-nio-8081-exec-10] [RequestLogInterceptor-preHandle:28] - ============================== REQUEST_START ==============================
INFO  22-10-19 14:49:48 [http-nio-8081-exec-10] [RequestLogInterceptor-preHandle:29] -  Request URI 	:  /
INFO  22-10-19 14:49:48 [http-nio-8081-exec-10] [RequestLogInterceptor-preHandle:37] - ==================================================================== 
INFO  22-10-19 14:49:49 [http-nio-8081-exec-1] [RequestLogInterceptor-preHandle:28] - ============================== REQUEST_START ==============================
INFO  22-10-19 14:49:49 [http-nio-8081-exec-1] [RequestLogInterceptor-preHandle:29] -  Request URI 	:  /favicon.ico
INFO  22-10-19 14:49:49 [http-nio-8081-exec-1] [RequestLogInterceptor-preHandle:37] - ==================================================================== 
INFO  22-10-19 14:49:49 [http-nio-8081-exec-1] [RequestLogInterceptor-preHandle:28] - ============================== REQUEST_START ==============================
INFO  22-10-19 14:49:49 [http-nio-8081-exec-1] [RequestLogInterceptor-preHandle:29] -  Request URI 	:  /error
INFO  22-10-19 14:49:49 [http-nio-8081-exec-1] [RequestLogInterceptor-preHandle:37] - ==================================================================== 
INFO  22-10-19 14:55:06 [http-nio-8081-exec-2] [RequestLogInterceptor-preHandle:28] - ============================== REQUEST_START ==============================
INFO  22-10-19 14:55:06 [http-nio-8081-exec-2] [RequestLogInterceptor-preHandle:29] -  Request URI 	:  /
INFO  22-10-19 14:55:06 [http-nio-8081-exec-2] [RequestLogInterceptor-preHandle:37] - ==================================================================== 
INFO  22-10-19 14:55:06 [http-nio-8081-exec-3] [RequestLogInterceptor-preHandle:28] - ============================== REQUEST_START ==============================
INFO  22-10-19 14:55:06 [http-nio-8081-exec-3] [RequestLogInterceptor-preHandle:29] -  Request URI 	:  /favicon.ico
INFO  22-10-19 14:55:06 [http-nio-8081-exec-3] [RequestLogInterceptor-preHandle:37] - ==================================================================== 
INFO  22-10-19 14:55:06 [http-nio-8081-exec-3] [RequestLogInterceptor-preHandle:28] - ============================== REQUEST_START ==============================
INFO  22-10-19 14:55:06 [http-nio-8081-exec-3] [RequestLogInterceptor-preHandle:29] -  Request URI 	:  /error
INFO  22-10-19 14:55:06 [http-nio-8081-exec-3] [RequestLogInterceptor-preHandle:37] - ==================================================================== 
INFO  22-10-19 14:55:08 [http-nio-8081-exec-1] [RequestLogInterceptor-preHandle:28] - ============================== REQUEST_START ==============================
INFO  22-10-19 14:55:08 [http-nio-8081-exec-1] [RequestLogInterceptor-preHandle:29] -  Request URI 	:  /
INFO  22-10-19 14:55:08 [http-nio-8081-exec-1] [RequestLogInterceptor-preHandle:37] - ==================================================================== 
INFO  22-10-19 14:55:08 [http-nio-8081-exec-10] [RequestLogInterceptor-preHandle:28] - ============================== REQUEST_START ==============================
INFO  22-10-19 14:55:08 [http-nio-8081-exec-10] [RequestLogInterceptor-preHandle:29] -  Request URI 	:  /favicon.ico
INFO  22-10-19 14:55:08 [http-nio-8081-exec-10] [RequestLogInterceptor-preHandle:37] - ==================================================================== 
INFO  22-10-19 14:55:08 [http-nio-8081-exec-10] [RequestLogInterceptor-preHandle:28] - ============================== REQUEST_START ==============================
INFO  22-10-19 14:55:08 [http-nio-8081-exec-10] [RequestLogInterceptor-preHandle:29] -  Request URI 	:  /error
INFO  22-10-19 14:55:08 [http-nio-8081-exec-10] [RequestLogInterceptor-preHandle:37] - ==================================================================== 
INFO  22-10-19 14:55:11 [http-nio-8081-exec-8] [RequestLogInterceptor-preHandle:28] - ============================== REQUEST_START ==============================
INFO  22-10-19 14:55:11 [http-nio-8081-exec-8] [RequestLogInterceptor-preHandle:29] -  Request URI 	:  /
INFO  22-10-19 14:55:11 [http-nio-8081-exec-8] [RequestLogInterceptor-preHandle:37] - ==================================================================== 
INFO  22-10-19 14:55:48 [http-nio-8081-exec-5] [RequestLogInterceptor-preHandle:28] - ============================== REQUEST_START ==============================
INFO  22-10-19 14:55:48 [http-nio-8081-exec-5] [RequestLogInterceptor-preHandle:29] -  Request URI 	:  /
INFO  22-10-19 14:55:48 [http-nio-8081-exec-5] [RequestLogInterceptor-preHandle:37] - ==================================================================== 
INFO  22-10-19 14:55:51 [http-nio-8081-exec-8] [RequestLogInterceptor-preHandle:28] - ============================== REQUEST_START ==============================
INFO  22-10-19 14:55:51 [http-nio-8081-exec-8] [RequestLogInterceptor-preHandle:29] -  Request URI 	:  /favicon.ico
INFO  22-10-19 14:55:51 [http-nio-8081-exec-8] [RequestLogInterceptor-preHandle:37] - ==================================================================== 
INFO  22-10-19 14:55:51 [http-nio-8081-exec-8] [RequestLogInterceptor-preHandle:28] - ============================== REQUEST_START ==============================
INFO  22-10-19 14:55:51 [http-nio-8081-exec-8] [RequestLogInterceptor-preHandle:29] -  Request URI 	:  /error
INFO  22-10-19 14:55:51 [http-nio-8081-exec-8] [RequestLogInterceptor-preHandle:37] - ==================================================================== 
INFO  22-10-19 14:55:55 [http-nio-8081-exec-4] [RequestLogInterceptor-preHandle:28] - ============================== REQUEST_START ==============================
INFO  22-10-19 14:55:55 [http-nio-8081-exec-4] [RequestLogInterceptor-preHandle:29] -  Request URI 	:  /
INFO  22-10-19 14:55:55 [http-nio-8081-exec-4] [RequestLogInterceptor-preHandle:37] - ==================================================================== 
INFO  22-10-19 14:57:32 [http-nio-8081-exec-10] [RequestLogInterceptor-preHandle:28] - ============================== REQUEST_START ==============================
INFO  22-10-19 14:57:32 [http-nio-8081-exec-10] [RequestLogInterceptor-preHandle:29] -  Request URI 	:  /
INFO  22-10-19 14:57:32 [http-nio-8081-exec-10] [RequestLogInterceptor-preHandle:37] - ==================================================================== 
INFO  22-10-19 14:57:32 [http-nio-8081-exec-9] [RequestLogInterceptor-preHandle:28] - ============================== REQUEST_START ==============================
INFO  22-10-19 14:57:32 [http-nio-8081-exec-9] [RequestLogInterceptor-preHandle:29] -  Request URI 	:  /favicon.ico
INFO  22-10-19 14:57:32 [http-nio-8081-exec-9] [RequestLogInterceptor-preHandle:37] - ==================================================================== 
INFO  22-10-19 14:57:32 [http-nio-8081-exec-9] [RequestLogInterceptor-preHandle:28] - ============================== REQUEST_START ==============================
INFO  22-10-19 14:57:32 [http-nio-8081-exec-9] [RequestLogInterceptor-preHandle:29] -  Request URI 	:  /error
INFO  22-10-19 14:57:32 [http-nio-8081-exec-9] [RequestLogInterceptor-preHandle:37] - ==================================================================== 
INFO  22-10-19 14:57:53 [http-nio-8081-exec-3] [RequestLogInterceptor-preHandle:28] - ============================== REQUEST_START ==============================
INFO  22-10-19 14:57:53 [http-nio-8081-exec-3] [RequestLogInterceptor-preHandle:29] -  Request URI 	:  /
INFO  22-10-19 14:57:53 [http-nio-8081-exec-3] [RequestLogInterceptor-preHandle:37] - ==================================================================== 
INFO  22-10-19 14:57:53 [http-nio-8081-exec-8] [RequestLogInterceptor-preHandle:28] - ============================== REQUEST_START ==============================
INFO  22-10-19 14:57:53 [http-nio-8081-exec-8] [RequestLogInterceptor-preHandle:29] -  Request URI 	:  /favicon.ico
INFO  22-10-19 14:57:53 [http-nio-8081-exec-8] [RequestLogInterceptor-preHandle:37] - ==================================================================== 
INFO  22-10-19 14:57:53 [http-nio-8081-exec-8] [RequestLogInterceptor-preHandle:28] - ============================== REQUEST_START ==============================
INFO  22-10-19 14:57:53 [http-nio-8081-exec-8] [RequestLogInterceptor-preHandle:29] -  Request URI 	:  /error
INFO  22-10-19 14:57:53 [http-nio-8081-exec-8] [RequestLogInterceptor-preHandle:37] - ==================================================================== 
INFO  22-10-19 14:58:21 [http-nio-8081-exec-1] [RequestLogInterceptor-preHandle:28] - ============================== REQUEST_START ==============================
INFO  22-10-19 14:58:21 [http-nio-8081-exec-1] [RequestLogInterceptor-preHandle:29] -  Request URI 	:  /
INFO  22-10-19 14:58:21 [http-nio-8081-exec-1] [RequestLogInterceptor-preHandle:37] - ==================================================================== 
INFO  22-10-19 14:58:24 [http-nio-8081-exec-6] [RequestLogInterceptor-preHandle:28] - ============================== REQUEST_START ==============================
INFO  22-10-19 14:58:24 [http-nio-8081-exec-6] [RequestLogInterceptor-preHandle:29] -  Request URI 	:  /favicon.ico
INFO  22-10-19 14:58:24 [http-nio-8081-exec-6] [RequestLogInterceptor-preHandle:37] - ==================================================================== 
INFO  22-10-19 14:58:24 [http-nio-8081-exec-6] [RequestLogInterceptor-preHandle:28] - ============================== REQUEST_START ==============================
INFO  22-10-19 14:58:24 [http-nio-8081-exec-6] [RequestLogInterceptor-preHandle:29] -  Request URI 	:  /error
INFO  22-10-19 14:58:24 [http-nio-8081-exec-6] [RequestLogInterceptor-preHandle:37] - ==================================================================== 
INFO  22-10-19 15:00:58 [http-nio-8081-exec-8] [RequestLogInterceptor-preHandle:28] - ============================== REQUEST_START ==============================
INFO  22-10-19 15:00:58 [http-nio-8081-exec-8] [RequestLogInterceptor-preHandle:29] -  Request URI 	:  /
INFO  22-10-19 15:00:58 [http-nio-8081-exec-8] [RequestLogInterceptor-preHandle:37] - ==================================================================== 
INFO  22-10-19 15:00:59 [http-nio-8081-exec-3] [RequestLogInterceptor-preHandle:28] - ============================== REQUEST_START ==============================
INFO  22-10-19 15:00:59 [http-nio-8081-exec-3] [RequestLogInterceptor-preHandle:29] -  Request URI 	:  /favicon.ico
INFO  22-10-19 15:00:59 [http-nio-8081-exec-3] [RequestLogInterceptor-preHandle:37] - ==================================================================== 
INFO  22-10-19 15:00:59 [http-nio-8081-exec-3] [RequestLogInterceptor-preHandle:28] - ============================== REQUEST_START ==============================
INFO  22-10-19 15:00:59 [http-nio-8081-exec-3] [RequestLogInterceptor-preHandle:29] -  Request URI 	:  /error
INFO  22-10-19 15:00:59 [http-nio-8081-exec-3] [RequestLogInterceptor-preHandle:37] - ==================================================================== 
INFO  22-10-19 15:01:08 [http-nio-8081-exec-6] [RequestLogInterceptor-preHandle:28] - ============================== REQUEST_START ==============================
INFO  22-10-19 15:01:08 [http-nio-8081-exec-6] [RequestLogInterceptor-preHandle:29] -  Request URI 	:  /
INFO  22-10-19 15:01:08 [http-nio-8081-exec-6] [RequestLogInterceptor-preHandle:37] - ==================================================================== 
INFO  22-10-19 15:01:18 [http-nio-8081-exec-1] [RequestLogInterceptor-preHandle:28] - ============================== REQUEST_START ==============================
INFO  22-10-19 15:01:18 [http-nio-8081-exec-1] [RequestLogInterceptor-preHandle:29] -  Request URI 	:  /
INFO  22-10-19 15:01:18 [http-nio-8081-exec-1] [RequestLogInterceptor-preHandle:37] - ==================================================================== 
INFO  22-10-19 15:01:28 [http-nio-8081-exec-6] [RequestLogInterceptor-preHandle:28] - ============================== REQUEST_START ==============================
INFO  22-10-19 15:01:28 [http-nio-8081-exec-6] [RequestLogInterceptor-preHandle:29] -  Request URI 	:  /favicon.ico
INFO  22-10-19 15:01:28 [http-nio-8081-exec-6] [RequestLogInterceptor-preHandle:37] - ==================================================================== 
INFO  22-10-19 15:01:28 [http-nio-8081-exec-6] [RequestLogInterceptor-preHandle:28] - ============================== REQUEST_START ==============================
INFO  22-10-19 15:01:28 [http-nio-8081-exec-6] [RequestLogInterceptor-preHandle:29] -  Request URI 	:  /error
INFO  22-10-19 15:01:28 [http-nio-8081-exec-6] [RequestLogInterceptor-preHandle:37] - ==================================================================== 
INFO  22-10-19 15:02:50 [http-nio-8081-exec-10] [RequestLogInterceptor-preHandle:28] - ============================== REQUEST_START ==============================
INFO  22-10-19 15:02:50 [http-nio-8081-exec-10] [RequestLogInterceptor-preHandle:29] -  Request URI 	:  /
INFO  22-10-19 15:02:50 [http-nio-8081-exec-10] [RequestLogInterceptor-preHandle:37] - ==================================================================== 
INFO  22-10-19 15:02:51 [http-nio-8081-exec-3] [RequestLogInterceptor-preHandle:28] - ============================== REQUEST_START ==============================
INFO  22-10-19 15:02:51 [http-nio-8081-exec-3] [RequestLogInterceptor-preHandle:29] -  Request URI 	:  /favicon.ico
INFO  22-10-19 15:02:51 [http-nio-8081-exec-3] [RequestLogInterceptor-preHandle:37] - ==================================================================== 
INFO  22-10-19 15:02:51 [http-nio-8081-exec-3] [RequestLogInterceptor-preHandle:28] - ============================== REQUEST_START ==============================
INFO  22-10-19 15:02:51 [http-nio-8081-exec-3] [RequestLogInterceptor-preHandle:29] -  Request URI 	:  /error
INFO  22-10-19 15:02:51 [http-nio-8081-exec-3] [RequestLogInterceptor-preHandle:37] - ==================================================================== 
INFO  22-10-19 15:03:19 [http-nio-8081-exec-6] [RequestLogInterceptor-preHandle:28] - ============================== REQUEST_START ==============================
INFO  22-10-19 15:03:19 [http-nio-8081-exec-6] [RequestLogInterceptor-preHandle:29] -  Request URI 	:  /
INFO  22-10-19 15:03:19 [http-nio-8081-exec-6] [RequestLogInterceptor-preHandle:37] - ==================================================================== 
INFO  22-10-19 15:03:23 [http-nio-8081-exec-1] [RequestLogInterceptor-preHandle:28] - ============================== REQUEST_START ==============================
INFO  22-10-19 15:03:23 [http-nio-8081-exec-1] [RequestLogInterceptor-preHandle:29] -  Request URI 	:  /favicon.ico
INFO  22-10-19 15:03:23 [http-nio-8081-exec-1] [RequestLogInterceptor-preHandle:37] - ==================================================================== 
INFO  22-10-19 15:03:23 [http-nio-8081-exec-1] [RequestLogInterceptor-preHandle:28] - ============================== REQUEST_START ==============================
INFO  22-10-19 15:03:23 [http-nio-8081-exec-1] [RequestLogInterceptor-preHandle:29] -  Request URI 	:  /error
INFO  22-10-19 15:03:23 [http-nio-8081-exec-1] [RequestLogInterceptor-preHandle:37] - ==================================================================== 
INFO  22-10-19 15:04:28 [http-nio-8081-exec-3] [RequestLogInterceptor-preHandle:28] - ============================== REQUEST_START ==============================
INFO  22-10-19 15:04:28 [http-nio-8081-exec-3] [RequestLogInterceptor-preHandle:29] -  Request URI 	:  /
INFO  22-10-19 15:04:28 [http-nio-8081-exec-3] [RequestLogInterceptor-preHandle:37] - ==================================================================== 
INFO  22-10-19 15:05:11 [http-nio-8081-exec-10] [RequestLogInterceptor-preHandle:28] - ============================== REQUEST_START ==============================
INFO  22-10-19 15:05:11 [http-nio-8081-exec-10] [RequestLogInterceptor-preHandle:29] -  Request URI 	:  /
INFO  22-10-19 15:05:11 [http-nio-8081-exec-10] [RequestLogInterceptor-preHandle:37] - ==================================================================== 
INFO  22-10-19 15:05:18 [http-nio-8081-exec-3] [RequestLogInterceptor-preHandle:28] - ============================== REQUEST_START ==============================
INFO  22-10-19 15:05:18 [http-nio-8081-exec-3] [RequestLogInterceptor-preHandle:29] -  Request URI 	:  /favicon.ico
INFO  22-10-19 15:05:18 [http-nio-8081-exec-3] [RequestLogInterceptor-preHandle:37] - ==================================================================== 
INFO  22-10-19 15:05:18 [http-nio-8081-exec-3] [RequestLogInterceptor-preHandle:28] - ============================== REQUEST_START ==============================
INFO  22-10-19 15:05:18 [http-nio-8081-exec-3] [RequestLogInterceptor-preHandle:29] -  Request URI 	:  /error
INFO  22-10-19 15:05:18 [http-nio-8081-exec-3] [RequestLogInterceptor-preHandle:37] - ==================================================================== 
INFO  22-10-19 15:05:34 [http-nio-8081-exec-6] [RequestLogInterceptor-preHandle:28] - ============================== REQUEST_START ==============================
INFO  22-10-19 15:05:34 [http-nio-8081-exec-6] [RequestLogInterceptor-preHandle:29] -  Request URI 	:  /
INFO  22-10-19 15:05:34 [http-nio-8081-exec-6] [RequestLogInterceptor-preHandle:37] - ==================================================================== 
INFO  22-10-19 15:05:36 [http-nio-8081-exec-1] [RequestLogInterceptor-preHandle:28] - ============================== REQUEST_START ==============================
INFO  22-10-19 15:05:36 [http-nio-8081-exec-1] [RequestLogInterceptor-preHandle:29] -  Request URI 	:  /favicon.ico
INFO  22-10-19 15:05:36 [http-nio-8081-exec-1] [RequestLogInterceptor-preHandle:37] - ==================================================================== 
INFO  22-10-19 15:05:36 [http-nio-8081-exec-1] [RequestLogInterceptor-preHandle:28] - ============================== REQUEST_START ==============================
INFO  22-10-19 15:05:36 [http-nio-8081-exec-1] [RequestLogInterceptor-preHandle:29] -  Request URI 	:  /error
INFO  22-10-19 15:05:36 [http-nio-8081-exec-1] [RequestLogInterceptor-preHandle:37] - ==================================================================== 
INFO  22-10-19 15:05:41 [http-nio-8081-exec-5] [RequestLogInterceptor-preHandle:28] - ============================== REQUEST_START ==============================
INFO  22-10-19 15:05:41 [http-nio-8081-exec-5] [RequestLogInterceptor-preHandle:29] -  Request URI 	:  /
INFO  22-10-19 15:05:41 [http-nio-8081-exec-5] [RequestLogInterceptor-preHandle:37] - ==================================================================== 
INFO  22-10-19 15:06:04 [http-nio-8081-exec-2] [RequestLogInterceptor-preHandle:28] - ============================== REQUEST_START ==============================
INFO  22-10-19 15:06:04 [http-nio-8081-exec-2] [RequestLogInterceptor-preHandle:29] -  Request URI 	:  /
INFO  22-10-19 15:06:04 [http-nio-8081-exec-2] [RequestLogInterceptor-preHandle:37] - ==================================================================== 
INFO  22-10-19 15:06:06 [http-nio-8081-exec-5] [RequestLogInterceptor-preHandle:28] - ============================== REQUEST_START ==============================
INFO  22-10-19 15:06:06 [http-nio-8081-exec-5] [RequestLogInterceptor-preHandle:29] -  Request URI 	:  /favicon.ico
INFO  22-10-19 15:06:06 [http-nio-8081-exec-5] [RequestLogInterceptor-preHandle:37] - ==================================================================== 
INFO  22-10-19 15:06:06 [http-nio-8081-exec-5] [RequestLogInterceptor-preHandle:28] - ============================== REQUEST_START ==============================
INFO  22-10-19 15:06:06 [http-nio-8081-exec-5] [RequestLogInterceptor-preHandle:29] -  Request URI 	:  /error
INFO  22-10-19 15:06:06 [http-nio-8081-exec-5] [RequestLogInterceptor-preHandle:37] - ==================================================================== 
INFO  22-10-19 15:06:09 [http-nio-8081-exec-4] [RequestLogInterceptor-preHandle:28] - ============================== REQUEST_START ==============================
INFO  22-10-19 15:06:09 [http-nio-8081-exec-4] [RequestLogInterceptor-preHandle:29] -  Request URI 	:  /
INFO  22-10-19 15:06:09 [http-nio-8081-exec-4] [RequestLogInterceptor-preHandle:37] - ==================================================================== 
INFO  22-10-19 15:06:11 [http-nio-8081-exec-10] [RequestLogInterceptor-preHandle:28] - ============================== REQUEST_START ==============================
INFO  22-10-19 15:06:11 [http-nio-8081-exec-10] [RequestLogInterceptor-preHandle:29] -  Request URI 	:  /favicon.ico
INFO  22-10-19 15:06:11 [http-nio-8081-exec-10] [RequestLogInterceptor-preHandle:37] - ==================================================================== 
INFO  22-10-19 15:06:11 [http-nio-8081-exec-10] [RequestLogInterceptor-preHandle:28] - ============================== REQUEST_START ==============================
INFO  22-10-19 15:06:11 [http-nio-8081-exec-10] [RequestLogInterceptor-preHandle:29] -  Request URI 	:  /error
INFO  22-10-19 15:06:11 [http-nio-8081-exec-10] [RequestLogInterceptor-preHandle:37] - ==================================================================== 
INFO  22-10-19 15:06:28 [http-nio-8081-exec-8] [RequestLogInterceptor-preHandle:28] - ============================== REQUEST_START ==============================
INFO  22-10-19 15:06:28 [http-nio-8081-exec-8] [RequestLogInterceptor-preHandle:29] -  Request URI 	:  /
INFO  22-10-19 15:06:28 [http-nio-8081-exec-8] [RequestLogInterceptor-preHandle:37] - ==================================================================== 
INFO  22-10-19 15:06:29 [http-nio-8081-exec-3] [RequestLogInterceptor-preHandle:28] - ============================== REQUEST_START ==============================
INFO  22-10-19 15:06:29 [http-nio-8081-exec-3] [RequestLogInterceptor-preHandle:29] -  Request URI 	:  /favicon.ico
INFO  22-10-19 15:06:29 [http-nio-8081-exec-3] [RequestLogInterceptor-preHandle:37] - ==================================================================== 
INFO  22-10-19 15:06:29 [http-nio-8081-exec-3] [RequestLogInterceptor-preHandle:28] - ============================== REQUEST_START ==============================
INFO  22-10-19 15:06:29 [http-nio-8081-exec-3] [RequestLogInterceptor-preHandle:29] -  Request URI 	:  /error
INFO  22-10-19 15:06:29 [http-nio-8081-exec-3] [RequestLogInterceptor-preHandle:37] - ==================================================================== 
INFO  22-10-19 15:06:49 [http-nio-8081-exec-6] [RequestLogInterceptor-preHandle:28] - ============================== REQUEST_START ==============================
INFO  22-10-19 15:06:49 [http-nio-8081-exec-6] [RequestLogInterceptor-preHandle:29] -  Request URI 	:  /
INFO  22-10-19 15:06:49 [http-nio-8081-exec-6] [RequestLogInterceptor-preHandle:37] - ==================================================================== 
INFO  22-10-19 15:06:51 [http-nio-8081-exec-7] [RequestLogInterceptor-preHandle:28] - ============================== REQUEST_START ==============================
INFO  22-10-19 15:06:51 [http-nio-8081-exec-7] [RequestLogInterceptor-preHandle:29] -  Request URI 	:  /favicon.ico
INFO  22-10-19 15:06:51 [http-nio-8081-exec-7] [RequestLogInterceptor-preHandle:37] - ==================================================================== 
INFO  22-10-19 15:06:51 [http-nio-8081-exec-7] [RequestLogInterceptor-preHandle:28] - ============================== REQUEST_START ==============================
INFO  22-10-19 15:06:51 [http-nio-8081-exec-7] [RequestLogInterceptor-preHandle:29] -  Request URI 	:  /error
INFO  22-10-19 15:06:51 [http-nio-8081-exec-7] [RequestLogInterceptor-preHandle:37] - ==================================================================== 
INFO  22-10-19 15:08:21 [http-nio-8081-exec-3] [RequestLogInterceptor-preHandle:28] - ============================== REQUEST_START ==============================
INFO  22-10-19 15:08:21 [http-nio-8081-exec-3] [RequestLogInterceptor-preHandle:29] -  Request URI 	:  /
INFO  22-10-19 15:08:21 [http-nio-8081-exec-3] [RequestLogInterceptor-preHandle:37] - ==================================================================== 
INFO  22-10-19 15:08:21 [http-nio-8081-exec-8] [RequestLogInterceptor-preHandle:28] - ============================== REQUEST_START ==============================
INFO  22-10-19 15:08:21 [http-nio-8081-exec-8] [RequestLogInterceptor-preHandle:29] -  Request URI 	:  /favicon.ico
INFO  22-10-19 15:08:21 [http-nio-8081-exec-8] [RequestLogInterceptor-preHandle:37] - ==================================================================== 
INFO  22-10-19 15:08:21 [http-nio-8081-exec-8] [RequestLogInterceptor-preHandle:28] - ============================== REQUEST_START ==============================
INFO  22-10-19 15:08:21 [http-nio-8081-exec-8] [RequestLogInterceptor-preHandle:29] -  Request URI 	:  /error
INFO  22-10-19 15:08:21 [http-nio-8081-exec-8] [RequestLogInterceptor-preHandle:37] - ==================================================================== 
INFO  22-10-19 15:09:06 [http-nio-8081-exec-7] [RequestLogInterceptor-preHandle:28] - ============================== REQUEST_START ==============================
INFO  22-10-19 15:09:06 [http-nio-8081-exec-7] [RequestLogInterceptor-preHandle:29] -  Request URI 	:  /
INFO  22-10-19 15:09:06 [http-nio-8081-exec-7] [RequestLogInterceptor-preHandle:37] - ==================================================================== 
INFO  22-10-19 15:09:08 [http-nio-8081-exec-6] [RequestLogInterceptor-preHandle:28] - ============================== REQUEST_START ==============================
INFO  22-10-19 15:09:08 [http-nio-8081-exec-6] [RequestLogInterceptor-preHandle:29] -  Request URI 	:  /favicon.ico
INFO  22-10-19 15:09:08 [http-nio-8081-exec-6] [RequestLogInterceptor-preHandle:37] - ==================================================================== 
INFO  22-10-19 15:09:08 [http-nio-8081-exec-6] [RequestLogInterceptor-preHandle:28] - ============================== REQUEST_START ==============================
INFO  22-10-19 15:09:08 [http-nio-8081-exec-6] [RequestLogInterceptor-preHandle:29] -  Request URI 	:  /error
INFO  22-10-19 15:09:08 [http-nio-8081-exec-6] [RequestLogInterceptor-preHandle:37] - ==================================================================== 
INFO  22-10-19 15:10:53 [http-nio-8081-exec-8] [RequestLogInterceptor-preHandle:28] - ============================== REQUEST_START ==============================
INFO  22-10-19 15:10:53 [http-nio-8081-exec-8] [RequestLogInterceptor-preHandle:29] -  Request URI 	:  /
INFO  22-10-19 15:10:53 [http-nio-8081-exec-8] [RequestLogInterceptor-preHandle:37] - ==================================================================== 
INFO  22-10-19 15:10:53 [http-nio-8081-exec-3] [RequestLogInterceptor-preHandle:28] - ============================== REQUEST_START ==============================
INFO  22-10-19 15:10:53 [http-nio-8081-exec-3] [RequestLogInterceptor-preHandle:29] -  Request URI 	:  /favicon.ico
INFO  22-10-19 15:10:53 [http-nio-8081-exec-3] [RequestLogInterceptor-preHandle:37] - ==================================================================== 
INFO  22-10-19 15:10:53 [http-nio-8081-exec-3] [RequestLogInterceptor-preHandle:28] - ============================== REQUEST_START ==============================
INFO  22-10-19 15:10:53 [http-nio-8081-exec-3] [RequestLogInterceptor-preHandle:29] -  Request URI 	:  /error
INFO  22-10-19 15:10:53 [http-nio-8081-exec-3] [RequestLogInterceptor-preHandle:37] - ==================================================================== 
INFO  22-10-19 15:10:58 [http-nio-8081-exec-6] [RequestLogInterceptor-preHandle:28] - ============================== REQUEST_START ==============================
INFO  22-10-19 15:10:58 [http-nio-8081-exec-6] [RequestLogInterceptor-preHandle:29] -  Request URI 	:  /
INFO  22-10-19 15:10:58 [http-nio-8081-exec-6] [RequestLogInterceptor-preHandle:37] - ==================================================================== 
INFO  22-10-19 15:10:58 [http-nio-8081-exec-7] [RequestLogInterceptor-preHandle:28] - ============================== REQUEST_START ==============================
INFO  22-10-19 15:10:58 [http-nio-8081-exec-7] [RequestLogInterceptor-preHandle:29] -  Request URI 	:  /favicon.ico
INFO  22-10-19 15:10:58 [http-nio-8081-exec-7] [RequestLogInterceptor-preHandle:37] - ==================================================================== 
INFO  22-10-19 15:10:58 [http-nio-8081-exec-7] [RequestLogInterceptor-preHandle:28] - ============================== REQUEST_START ==============================
INFO  22-10-19 15:10:58 [http-nio-8081-exec-7] [RequestLogInterceptor-preHandle:29] -  Request URI 	:  /error
INFO  22-10-19 15:10:58 [http-nio-8081-exec-7] [RequestLogInterceptor-preHandle:37] - ==================================================================== 
INFO  22-10-19 15:10:59 [http-nio-8081-exec-1] [RequestLogInterceptor-preHandle:28] - ============================== REQUEST_START ==============================
INFO  22-10-19 15:10:59 [http-nio-8081-exec-1] [RequestLogInterceptor-preHandle:29] -  Request URI 	:  /
INFO  22-10-19 15:10:59 [http-nio-8081-exec-1] [RequestLogInterceptor-preHandle:37] - ==================================================================== 
INFO  22-10-19 15:10:59 [http-nio-8081-exec-9] [RequestLogInterceptor-preHandle:28] - ============================== REQUEST_START ==============================
INFO  22-10-19 15:10:59 [http-nio-8081-exec-9] [RequestLogInterceptor-preHandle:29] -  Request URI 	:  /favicon.ico
INFO  22-10-19 15:10:59 [http-nio-8081-exec-9] [RequestLogInterceptor-preHandle:37] - ==================================================================== 
INFO  22-10-19 15:10:59 [http-nio-8081-exec-9] [RequestLogInterceptor-preHandle:28] - ============================== REQUEST_START ==============================
INFO  22-10-19 15:10:59 [http-nio-8081-exec-9] [RequestLogInterceptor-preHandle:29] -  Request URI 	:  /error
INFO  22-10-19 15:10:59 [http-nio-8081-exec-9] [RequestLogInterceptor-preHandle:37] - ==================================================================== 
INFO  22-10-19 15:11:00 [http-nio-8081-exec-2] [RequestLogInterceptor-preHandle:28] - ============================== REQUEST_START ==============================
INFO  22-10-19 15:11:00 [http-nio-8081-exec-2] [RequestLogInterceptor-preHandle:29] -  Request URI 	:  /
INFO  22-10-19 15:11:00 [http-nio-8081-exec-2] [RequestLogInterceptor-preHandle:37] - ==================================================================== 
INFO  22-10-19 15:11:00 [http-nio-8081-exec-4] [RequestLogInterceptor-preHandle:28] - ============================== REQUEST_START ==============================
INFO  22-10-19 15:11:00 [http-nio-8081-exec-4] [RequestLogInterceptor-preHandle:29] -  Request URI 	:  /favicon.ico
INFO  22-10-19 15:11:00 [http-nio-8081-exec-4] [RequestLogInterceptor-preHandle:37] - ==================================================================== 
INFO  22-10-19 15:11:00 [http-nio-8081-exec-4] [RequestLogInterceptor-preHandle:28] - ============================== REQUEST_START ==============================
INFO  22-10-19 15:11:00 [http-nio-8081-exec-4] [RequestLogInterceptor-preHandle:29] -  Request URI 	:  /error
INFO  22-10-19 15:11:00 [http-nio-8081-exec-4] [RequestLogInterceptor-preHandle:37] - ==================================================================== 
INFO  22-10-19 15:11:00 [http-nio-8081-exec-3] [RequestLogInterceptor-preHandle:28] - ============================== REQUEST_START ==============================
INFO  22-10-19 15:11:00 [http-nio-8081-exec-3] [RequestLogInterceptor-preHandle:29] -  Request URI 	:  /
INFO  22-10-19 15:11:00 [http-nio-8081-exec-3] [RequestLogInterceptor-preHandle:37] - ==================================================================== 
INFO  22-10-19 15:11:00 [http-nio-8081-exec-10] [RequestLogInterceptor-preHandle:28] - ============================== REQUEST_START ==============================
INFO  22-10-19 15:11:00 [http-nio-8081-exec-10] [RequestLogInterceptor-preHandle:29] -  Request URI 	:  /favicon.ico
INFO  22-10-19 15:11:00 [http-nio-8081-exec-10] [RequestLogInterceptor-preHandle:37] - ==================================================================== 
INFO  22-10-19 15:11:00 [http-nio-8081-exec-10] [RequestLogInterceptor-preHandle:28] - ============================== REQUEST_START ==============================
INFO  22-10-19 15:11:00 [http-nio-8081-exec-10] [RequestLogInterceptor-preHandle:29] -  Request URI 	:  /error
INFO  22-10-19 15:11:00 [http-nio-8081-exec-10] [RequestLogInterceptor-preHandle:37] - ==================================================================== 
INFO  22-10-19 15:11:00 [http-nio-8081-exec-1] [RequestLogInterceptor-preHandle:28] - ============================== REQUEST_START ==============================
INFO  22-10-19 15:11:00 [http-nio-8081-exec-1] [RequestLogInterceptor-preHandle:29] -  Request URI 	:  /
INFO  22-10-19 15:11:00 [http-nio-8081-exec-1] [RequestLogInterceptor-preHandle:37] - ==================================================================== 
INFO  22-10-19 15:11:00 [http-nio-8081-exec-5] [RequestLogInterceptor-preHandle:28] - ============================== REQUEST_START ==============================
INFO  22-10-19 15:11:00 [http-nio-8081-exec-5] [RequestLogInterceptor-preHandle:29] -  Request URI 	:  /favicon.ico
INFO  22-10-19 15:11:00 [http-nio-8081-exec-5] [RequestLogInterceptor-preHandle:37] - ==================================================================== 
INFO  22-10-19 15:11:00 [http-nio-8081-exec-5] [RequestLogInterceptor-preHandle:28] - ============================== REQUEST_START ==============================
INFO  22-10-19 15:11:00 [http-nio-8081-exec-5] [RequestLogInterceptor-preHandle:29] -  Request URI 	:  /error
INFO  22-10-19 15:11:00 [http-nio-8081-exec-5] [RequestLogInterceptor-preHandle:37] - ==================================================================== 
INFO  22-10-19 15:11:00 [http-nio-8081-exec-2] [RequestLogInterceptor-preHandle:28] - ============================== REQUEST_START ==============================
INFO  22-10-19 15:11:00 [http-nio-8081-exec-2] [RequestLogInterceptor-preHandle:29] -  Request URI 	:  /
INFO  22-10-19 15:11:00 [http-nio-8081-exec-2] [RequestLogInterceptor-preHandle:37] - ==================================================================== 
INFO  22-10-19 15:11:00 [http-nio-8081-exec-7] [RequestLogInterceptor-preHandle:28] - ============================== REQUEST_START ==============================
INFO  22-10-19 15:11:00 [http-nio-8081-exec-7] [RequestLogInterceptor-preHandle:29] -  Request URI 	:  /favicon.ico
INFO  22-10-19 15:11:00 [http-nio-8081-exec-7] [RequestLogInterceptor-preHandle:37] - ==================================================================== 
INFO  22-10-19 15:11:00 [http-nio-8081-exec-7] [RequestLogInterceptor-preHandle:28] - ============================== REQUEST_START ==============================
INFO  22-10-19 15:11:00 [http-nio-8081-exec-7] [RequestLogInterceptor-preHandle:29] -  Request URI 	:  /error
INFO  22-10-19 15:11:00 [http-nio-8081-exec-7] [RequestLogInterceptor-preHandle:37] - ==================================================================== 
INFO  22-10-19 15:13:37 [http-nio-8081-exec-5] [RequestLogInterceptor-preHandle:28] - ============================== REQUEST_START ==============================
INFO  22-10-19 15:13:37 [http-nio-8081-exec-5] [RequestLogInterceptor-preHandle:29] -  Request URI 	:  /
INFO  22-10-19 15:13:37 [http-nio-8081-exec-5] [RequestLogInterceptor-preHandle:37] - ==================================================================== 
INFO  22-10-19 15:13:38 [http-nio-8081-exec-6] [RequestLogInterceptor-preHandle:28] - ============================== REQUEST_START ==============================
INFO  22-10-19 15:13:38 [http-nio-8081-exec-6] [RequestLogInterceptor-preHandle:29] -  Request URI 	:  /favicon.ico
INFO  22-10-19 15:13:38 [http-nio-8081-exec-6] [RequestLogInterceptor-preHandle:37] - ==================================================================== 
INFO  22-10-19 15:13:38 [http-nio-8081-exec-6] [RequestLogInterceptor-preHandle:28] - ============================== REQUEST_START ==============================
INFO  22-10-19 15:13:38 [http-nio-8081-exec-6] [RequestLogInterceptor-preHandle:29] -  Request URI 	:  /error
INFO  22-10-19 15:13:38 [http-nio-8081-exec-6] [RequestLogInterceptor-preHandle:37] - ==================================================================== 
INFO  22-10-19 15:19:31 [http-nio-8081-exec-3] [RequestLogInterceptor-preHandle:28] - ============================== REQUEST_START ==============================
INFO  22-10-19 15:19:31 [http-nio-8081-exec-3] [RequestLogInterceptor-preHandle:29] -  Request URI 	:  /
INFO  22-10-19 15:19:31 [http-nio-8081-exec-3] [RequestLogInterceptor-preHandle:37] - ==================================================================== 
INFO  22-10-19 15:19:58 [http-nio-8081-exec-10] [RequestLogInterceptor-preHandle:28] - ============================== REQUEST_START ==============================
INFO  22-10-19 15:19:58 [http-nio-8081-exec-10] [RequestLogInterceptor-preHandle:29] -  Request URI 	:  /
INFO  22-10-19 15:19:58 [http-nio-8081-exec-10] [RequestLogInterceptor-preHandle:37] - ==================================================================== 
INFO  22-10-19 15:19:59 [http-nio-8081-exec-3] [RequestLogInterceptor-preHandle:28] - ============================== REQUEST_START ==============================
INFO  22-10-19 15:19:59 [http-nio-8081-exec-3] [RequestLogInterceptor-preHandle:29] -  Request URI 	:  /favicon.ico
INFO  22-10-19 15:19:59 [http-nio-8081-exec-3] [RequestLogInterceptor-preHandle:37] - ==================================================================== 
INFO  22-10-19 15:19:59 [http-nio-8081-exec-3] [RequestLogInterceptor-preHandle:28] - ============================== REQUEST_START ==============================
INFO  22-10-19 15:19:59 [http-nio-8081-exec-3] [RequestLogInterceptor-preHandle:29] -  Request URI 	:  /error
INFO  22-10-19 15:19:59 [http-nio-8081-exec-3] [RequestLogInterceptor-preHandle:37] - ==================================================================== 
