INFO  22-10-20 08:57:04 [http-nio-8081-exec-10] [RequestLogInterceptor-preHandle:28] - ============================== REQUEST_START ==============================
INFO  22-10-20 08:57:04 [http-nio-8081-exec-10] [RequestLogInterceptor-preHandle:29] -  Request URI 	:  /
INFO  22-10-20 08:57:04 [http-nio-8081-exec-10] [RequestLogInterceptor-preHandle:37] - ==================================================================== 
INFO  22-10-20 08:57:04 [http-nio-8081-exec-3] [RequestLogInterceptor-preHandle:28] - ============================== REQUEST_START ==============================
INFO  22-10-20 08:57:04 [http-nio-8081-exec-3] [RequestLogInterceptor-preHandle:29] -  Request URI 	:  /favicon.ico
INFO  22-10-20 08:57:04 [http-nio-8081-exec-3] [RequestLogInterceptor-preHandle:37] - ==================================================================== 
INFO  22-10-20 08:57:04 [http-nio-8081-exec-3] [RequestLogInterceptor-preHandle:28] - ============================== REQUEST_START ==============================
INFO  22-10-20 08:57:04 [http-nio-8081-exec-3] [RequestLogInterceptor-preHandle:29] -  Request URI 	:  /error
INFO  22-10-20 08:57:04 [http-nio-8081-exec-3] [RequestLogInterceptor-preHandle:37] - ==================================================================== 
INFO  22-10-20 08:57:40 [http-nio-8081-exec-5] [RequestLogInterceptor-preHandle:28] - ============================== REQUEST_START ==============================
INFO  22-10-20 08:57:40 [http-nio-8081-exec-5] [RequestLogInterceptor-preHandle:29] -  Request URI 	:  /
INFO  22-10-20 08:57:40 [http-nio-8081-exec-5] [RequestLogInterceptor-preHandle:37] - ==================================================================== 
INFO  22-10-20 10:46:59 [http-nio-8081-exec-10] [RequestLogInterceptor-preHandle:28] - ============================== REQUEST_START ==============================
INFO  22-10-20 10:46:59 [http-nio-8081-exec-10] [RequestLogInterceptor-preHandle:29] -  Request URI 	:  /
INFO  22-10-20 10:46:59 [http-nio-8081-exec-10] [RequestLogInterceptor-preHandle:37] - ==================================================================== 
INFO  22-10-20 10:47:27 [http-nio-8081-exec-3] [RequestLogInterceptor-preHandle:28] - ============================== REQUEST_START ==============================
INFO  22-10-20 10:47:27 [http-nio-8081-exec-3] [RequestLogInterceptor-preHandle:29] -  Request URI 	:  /
INFO  22-10-20 10:47:27 [http-nio-8081-exec-3] [RequestLogInterceptor-preHandle:37] - ==================================================================== 
INFO  22-10-20 10:47:28 [http-nio-8081-exec-10] [RequestLogInterceptor-preHandle:28] - ============================== REQUEST_START ==============================
INFO  22-10-20 10:47:28 [http-nio-8081-exec-10] [RequestLogInterceptor-preHandle:29] -  Request URI 	:  /favicon.ico
INFO  22-10-20 10:47:28 [http-nio-8081-exec-10] [RequestLogInterceptor-preHandle:37] - ==================================================================== 
INFO  22-10-20 10:47:28 [http-nio-8081-exec-10] [RequestLogInterceptor-preHandle:28] - ============================== REQUEST_START ==============================
INFO  22-10-20 10:47:28 [http-nio-8081-exec-10] [RequestLogInterceptor-preHandle:29] -  Request URI 	:  /error
INFO  22-10-20 10:47:28 [http-nio-8081-exec-10] [RequestLogInterceptor-preHandle:37] - ==================================================================== 
INFO  22-10-20 10:50:31 [http-nio-8081-exec-4] [RequestLogInterceptor-preHandle:28] - ============================== REQUEST_START ==============================
INFO  22-10-20 10:50:31 [http-nio-8081-exec-4] [RequestLogInterceptor-preHandle:29] -  Request URI 	:  /
INFO  22-10-20 10:50:31 [http-nio-8081-exec-4] [RequestLogInterceptor-preHandle:37] - ==================================================================== 
INFO  22-10-20 10:50:33 [http-nio-8081-exec-1] [RequestLogInterceptor-preHandle:28] - ============================== REQUEST_START ==============================
INFO  22-10-20 10:50:33 [http-nio-8081-exec-1] [RequestLogInterceptor-preHandle:29] -  Request URI 	:  /favicon.ico
INFO  22-10-20 10:50:33 [http-nio-8081-exec-1] [RequestLogInterceptor-preHandle:37] - ==================================================================== 
INFO  22-10-20 10:50:33 [http-nio-8081-exec-1] [RequestLogInterceptor-preHandle:28] - ============================== REQUEST_START ==============================
INFO  22-10-20 10:50:33 [http-nio-8081-exec-1] [RequestLogInterceptor-preHandle:29] -  Request URI 	:  /error
INFO  22-10-20 10:50:33 [http-nio-8081-exec-1] [RequestLogInterceptor-preHandle:37] - ==================================================================== 
INFO  22-10-20 11:04:33 [http-nio-8081-exec-8] [RequestLogInterceptor-preHandle:28] - ============================== REQUEST_START ==============================
INFO  22-10-20 11:04:33 [http-nio-8081-exec-8] [RequestLogInterceptor-preHandle:29] -  Request URI 	:  /
INFO  22-10-20 11:04:33 [http-nio-8081-exec-8] [RequestLogInterceptor-preHandle:37] - ==================================================================== 
INFO  22-10-20 11:04:35 [http-nio-8081-exec-2] [RequestLogInterceptor-preHandle:28] - ============================== REQUEST_START ==============================
INFO  22-10-20 11:04:35 [http-nio-8081-exec-2] [RequestLogInterceptor-preHandle:29] -  Request URI 	:  /favicon.ico
INFO  22-10-20 11:04:35 [http-nio-8081-exec-2] [RequestLogInterceptor-preHandle:37] - ==================================================================== 
INFO  22-10-20 11:04:35 [http-nio-8081-exec-2] [RequestLogInterceptor-preHandle:28] - ============================== REQUEST_START ==============================
INFO  22-10-20 11:04:35 [http-nio-8081-exec-2] [RequestLogInterceptor-preHandle:29] -  Request URI 	:  /error
INFO  22-10-20 11:04:35 [http-nio-8081-exec-2] [RequestLogInterceptor-preHandle:37] - ==================================================================== 
INFO  22-10-20 11:19:19 [http-nio-8081-exec-7] [RequestLogInterceptor-preHandle:28] - ============================== REQUEST_START ==============================
INFO  22-10-20 11:19:19 [http-nio-8081-exec-7] [RequestLogInterceptor-preHandle:29] -  Request URI 	:  /
INFO  22-10-20 11:19:19 [http-nio-8081-exec-7] [RequestLogInterceptor-preHandle:37] - ==================================================================== 
INFO  22-10-20 11:19:21 [http-nio-8081-exec-9] [RequestLogInterceptor-preHandle:28] - ============================== REQUEST_START ==============================
INFO  22-10-20 11:19:21 [http-nio-8081-exec-9] [RequestLogInterceptor-preHandle:29] -  Request URI 	:  /favicon.ico
INFO  22-10-20 11:19:21 [http-nio-8081-exec-9] [RequestLogInterceptor-preHandle:37] - ==================================================================== 
INFO  22-10-20 11:19:21 [http-nio-8081-exec-9] [RequestLogInterceptor-preHandle:28] - ============================== REQUEST_START ==============================
INFO  22-10-20 11:19:21 [http-nio-8081-exec-9] [RequestLogInterceptor-preHandle:29] -  Request URI 	:  /error
INFO  22-10-20 11:19:21 [http-nio-8081-exec-9] [RequestLogInterceptor-preHandle:37] - ==================================================================== 
INFO  22-10-20 11:35:16 [http-nio-8081-exec-10] [RequestLogInterceptor-preHandle:28] - ============================== REQUEST_START ==============================
INFO  22-10-20 11:35:16 [http-nio-8081-exec-10] [RequestLogInterceptor-preHandle:29] -  Request URI 	:  /
INFO  22-10-20 11:35:16 [http-nio-8081-exec-10] [RequestLogInterceptor-preHandle:37] - ==================================================================== 
INFO  22-10-20 11:35:19 [http-nio-8081-exec-5] [RequestLogInterceptor-preHandle:28] - ============================== REQUEST_START ==============================
INFO  22-10-20 11:35:19 [http-nio-8081-exec-5] [RequestLogInterceptor-preHandle:29] -  Request URI 	:  /favicon.ico
INFO  22-10-20 11:35:19 [http-nio-8081-exec-5] [RequestLogInterceptor-preHandle:37] - ==================================================================== 
INFO  22-10-20 11:35:19 [http-nio-8081-exec-5] [RequestLogInterceptor-preHandle:28] - ============================== REQUEST_START ==============================
INFO  22-10-20 11:35:19 [http-nio-8081-exec-5] [RequestLogInterceptor-preHandle:29] -  Request URI 	:  /error
INFO  22-10-20 11:35:19 [http-nio-8081-exec-5] [RequestLogInterceptor-preHandle:37] - ==================================================================== 
INFO  22-10-20 11:35:53 [http-nio-8081-exec-9] [RequestLogInterceptor-preHandle:28] - ============================== REQUEST_START ==============================
INFO  22-10-20 11:35:53 [http-nio-8081-exec-9] [RequestLogInterceptor-preHandle:29] -  Request URI 	:  /
INFO  22-10-20 11:35:53 [http-nio-8081-exec-9] [RequestLogInterceptor-preHandle:37] - ==================================================================== 
INFO  22-10-20 11:35:54 [http-nio-8081-exec-7] [RequestLogInterceptor-preHandle:28] - ============================== REQUEST_START ==============================
INFO  22-10-20 11:35:54 [http-nio-8081-exec-7] [RequestLogInterceptor-preHandle:29] -  Request URI 	:  /favicon.ico
INFO  22-10-20 11:35:54 [http-nio-8081-exec-7] [RequestLogInterceptor-preHandle:37] - ==================================================================== 
INFO  22-10-20 11:35:54 [http-nio-8081-exec-7] [RequestLogInterceptor-preHandle:28] - ============================== REQUEST_START ==============================
INFO  22-10-20 11:35:54 [http-nio-8081-exec-7] [RequestLogInterceptor-preHandle:29] -  Request URI 	:  /error
INFO  22-10-20 11:35:54 [http-nio-8081-exec-7] [RequestLogInterceptor-preHandle:37] - ==================================================================== 
INFO  22-10-20 11:43:34 [http-nio-8081-exec-5] [RequestLogInterceptor-preHandle:28] - ============================== REQUEST_START ==============================
INFO  22-10-20 11:43:34 [http-nio-8081-exec-5] [RequestLogInterceptor-preHandle:29] -  Request URI 	:  /
INFO  22-10-20 11:43:34 [http-nio-8081-exec-5] [RequestLogInterceptor-preHandle:37] - ==================================================================== 
INFO  22-10-20 11:43:35 [http-nio-8081-exec-6] [RequestLogInterceptor-preHandle:28] - ============================== REQUEST_START ==============================
INFO  22-10-20 11:43:35 [http-nio-8081-exec-6] [RequestLogInterceptor-preHandle:29] -  Request URI 	:  /
INFO  22-10-20 11:43:35 [http-nio-8081-exec-6] [RequestLogInterceptor-preHandle:37] - ==================================================================== 
INFO  22-10-20 11:43:35 [http-nio-8081-exec-5] [RequestLogInterceptor-preHandle:28] - ============================== REQUEST_START ==============================
INFO  22-10-20 11:43:35 [http-nio-8081-exec-5] [RequestLogInterceptor-preHandle:29] -  Request URI 	:  /
INFO  22-10-20 11:43:35 [http-nio-8081-exec-5] [RequestLogInterceptor-preHandle:37] - ==================================================================== 
INFO  22-10-20 11:44:46 [http-nio-8081-exec-4] [RequestLogInterceptor-preHandle:28] - ============================== REQUEST_START ==============================
INFO  22-10-20 11:44:46 [http-nio-8081-exec-4] [RequestLogInterceptor-preHandle:29] -  Request URI 	:  /
INFO  22-10-20 11:44:46 [http-nio-8081-exec-4] [RequestLogInterceptor-preHandle:37] - ==================================================================== 
INFO  22-10-20 11:44:47 [http-nio-8081-exec-2] [RequestLogInterceptor-preHandle:28] - ============================== REQUEST_START ==============================
INFO  22-10-20 11:44:47 [http-nio-8081-exec-2] [RequestLogInterceptor-preHandle:29] -  Request URI 	:  /favicon.ico
INFO  22-10-20 11:44:47 [http-nio-8081-exec-2] [RequestLogInterceptor-preHandle:37] - ==================================================================== 
INFO  22-10-20 11:44:47 [http-nio-8081-exec-2] [RequestLogInterceptor-preHandle:28] - ============================== REQUEST_START ==============================
INFO  22-10-20 11:44:47 [http-nio-8081-exec-2] [RequestLogInterceptor-preHandle:29] -  Request URI 	:  /error
INFO  22-10-20 11:44:47 [http-nio-8081-exec-2] [RequestLogInterceptor-preHandle:37] - ==================================================================== 
INFO  22-10-20 12:01:02 [http-nio-8081-exec-7] [RequestLogInterceptor-preHandle:28] - ============================== REQUEST_START ==============================
INFO  22-10-20 12:01:02 [http-nio-8081-exec-7] [RequestLogInterceptor-preHandle:29] -  Request URI 	:  /
INFO  22-10-20 12:01:02 [http-nio-8081-exec-7] [RequestLogInterceptor-preHandle:37] - ==================================================================== 
INFO  22-10-20 12:01:02 [http-nio-8081-exec-8] [RequestLogInterceptor-preHandle:28] - ============================== REQUEST_START ==============================
INFO  22-10-20 12:01:02 [http-nio-8081-exec-8] [RequestLogInterceptor-preHandle:29] -  Request URI 	:  /favicon.ico
INFO  22-10-20 12:01:02 [http-nio-8081-exec-8] [RequestLogInterceptor-preHandle:37] - ==================================================================== 
INFO  22-10-20 12:01:02 [http-nio-8081-exec-8] [RequestLogInterceptor-preHandle:28] - ============================== REQUEST_START ==============================
INFO  22-10-20 12:01:02 [http-nio-8081-exec-8] [RequestLogInterceptor-preHandle:29] -  Request URI 	:  /error
INFO  22-10-20 12:01:02 [http-nio-8081-exec-8] [RequestLogInterceptor-preHandle:37] - ==================================================================== 
